#! /usr/local/bin/vvp
:ivl_version "0.9.7 " "(v0_9_7)";
:vpi_time_precision + 0;
:vpi_module "system";
:vpi_module "v2005_math";
:vpi_module "va_math";
S_0x109eb20 .scope module, "ttest" "ttest" 2 1;
 .timescale 0 0;
v0x10b2300_0 .var "clk", 0 0;
v0x10b23a0_0 .net "q", 0 0, v0x10b1f90_0; 1 drivers
v0x10b2450_0 .net "qn", 0 0, v0x10b2030_0; 1 drivers
v0x10b2500_0 .var "qnpr", 0 0;
v0x10b25b0_0 .var "qpr", 0 0;
v0x10b2660_0 .var "t", 0 0;
S_0x109ec10 .scope module, "t2" "tflip" 2 4, 3 1, S_0x109eb20;
 .timescale 0 0;
v0x109ed00_0 .net "clk", 0 0, v0x10b2300_0; 1 drivers
v0x10b1f90_0 .var "q", 0 0;
v0x10b2030_0 .var "qn", 0 0;
v0x10b20d0_0 .var "qnpr", 0 0;
v0x10b2180_0 .net "qpr", 0 0, v0x10b25b0_0; 1 drivers
v0x10b2220_0 .net "t", 0 0, v0x10b2660_0; 1 drivers
E_0x107bc50 .event posedge, v0x109ed00_0;
    .scope S_0x109ec10;
T_0 ;
    %wait E_0x107bc50;
    %load/v 8, v0x10b2180_0, 1;
    %inv 8, 1;
    %set/v v0x10b20d0_0, 8, 1;
    %load/v 8, v0x10b2220_0, 1;
    %jmp/0xz  T_0.0, 8;
    %load/v 8, v0x10b20d0_0, 1;
    %set/v v0x10b1f90_0, 8, 1;
    %load/v 8, v0x10b2180_0, 1;
    %set/v v0x10b2030_0, 8, 1;
    %jmp T_0.1;
T_0.0 ;
    %load/v 8, v0x10b2180_0, 1;
    %set/v v0x10b1f90_0, 8, 1;
    %load/v 8, v0x10b20d0_0, 1;
    %set/v v0x10b2030_0, 8, 1;
T_0.1 ;
    %jmp T_0;
    .thread T_0;
    .scope S_0x109eb20;
T_1 ;
    %set/v v0x10b2300_0, 0, 1;
    %end;
    .thread T_1;
    .scope S_0x109eb20;
T_2 ;
    %delay 10, 0;
    %load/v 8, v0x10b2300_0, 1;
    %inv 8, 1;
    %set/v v0x10b2300_0, 8, 1;
    %jmp T_2;
    .thread T_2;
    .scope S_0x109eb20;
T_3 ;
    %delay 15, 0;
    %set/v v0x10b25b0_0, 1, 1;
    %load/v 8, v0x10b25b0_0, 1;
    %inv 8, 1;
    %set/v v0x10b2500_0, 8, 1;
    %delay 20, 0;
    %set/v v0x10b25b0_0, 0, 1;
    %load/v 8, v0x10b25b0_0, 1;
    %inv 8, 1;
    %set/v v0x10b2500_0, 8, 1;
    %delay 10, 0;
    %set/v v0x10b25b0_0, 1, 1;
    %load/v 8, v0x10b25b0_0, 1;
    %inv 8, 1;
    %set/v v0x10b2500_0, 8, 1;
    %delay 10, 0;
    %set/v v0x10b25b0_0, 0, 1;
    %load/v 8, v0x10b25b0_0, 1;
    %inv 8, 1;
    %set/v v0x10b2500_0, 8, 1;
    %end;
    .thread T_3;
    .scope S_0x109eb20;
T_4 ;
    %set/v v0x10b2660_0, 0, 1;
    %delay 45, 0;
    %set/v v0x10b2660_0, 1, 1;
    %delay 45, 0;
    %vpi_call 2 16 "$finish";
    %end;
    .thread T_4;
    .scope S_0x109eb20;
T_5 ;
    %vpi_call 2 19 "$monitor", $time, " clk %b t %b previous q qn %b%b next %b%b", v0x10b2300_0, v0x10b2660_0, v0x10b25b0_0, v0x10b2500_0, v0x10b23a0_0, v0x10b2450_0;
    %end;
    .thread T_5;
    .scope S_0x109eb20;
T_6 ;
    %vpi_call 2 22 "$dumpfile", "abc.dump";
    %vpi_call 2 23 "$dumpvars", 1'sb0, S_0x109eb20;
    %end;
    .thread T_6;
# The file index is used to find the file name in the following table.
:file_names 4;
    "N/A";
    "<interactive>";
    "ttest.v";
    "tflip.v";
