#! /usr/local/bin/vvp
:ivl_version "0.9.7 " "(v0_9_7)";
:vpi_time_precision + 0;
:vpi_module "system";
:vpi_module "v2005_math";
:vpi_module "va_math";
S_0x1065a60 .scope module, "testasync" "testasync" 2 1;
 .timescale 0 0;
v0x1078140_0 .var "clk", 0 0;
v0x1078210_0 .var "j", 0 0;
v0x10782c0_0 .var "k", 0 0;
v0x1078370_0 .net "q", 0 0, v0x1077ff0_0; 1 drivers
v0x1078450_0 .var "reset", 0 0;
S_0x1065b50 .scope module, "j2" "jkasync" 2 4, 3 1, S_0x1065a60;
 .timescale 0 0;
v0x1043bd0_0 .net "clk", 0 0, v0x1078140_0; 1 drivers
v0x1077eb0_0 .net "j", 0 0, v0x1078210_0; 1 drivers
v0x1077f50_0 .net "k", 0 0, v0x10782c0_0; 1 drivers
v0x1077ff0_0 .var "q", 0 0;
v0x10780a0_0 .net "reset", 0 0, v0x1078450_0; 1 drivers
E_0x1064a00 .event posedge, v0x10780a0_0, v0x1043bd0_0;
    .scope S_0x1065b50;
T_0 ;
    %wait E_0x1064a00;
    %load/v 8, v0x10780a0_0, 1;
    %jmp/0xz  T_0.0, 8;
    %set/v v0x1077ff0_0, 0, 1;
    %jmp T_0.1;
T_0.0 ;
    %load/v 8, v0x1077eb0_0, 1;
    %load/v 9, v0x1077f50_0, 1;
    %cmp/u 8, 9, 1;
    %inv 4, 1;
    %jmp/0xz  T_0.2, 4;
    %load/v 8, v0x1077eb0_0, 1;
    %set/v v0x1077ff0_0, 8, 1;
    %jmp T_0.3;
T_0.2 ;
    %load/v 8, v0x1077eb0_0, 1;
    %load/v 9, v0x1077f50_0, 1;
    %and 8, 9, 1;
    %jmp/0xz  T_0.4, 8;
    %load/v 8, v0x1077eb0_0, 1;
    %inv 8, 1;
    %set/v v0x1077ff0_0, 8, 1;
T_0.4 ;
T_0.3 ;
T_0.1 ;
    %jmp T_0;
    .thread T_0;
    .scope S_0x1065a60;
T_1 ;
    %set/v v0x1078140_0, 0, 1;
    %end;
    .thread T_1;
    .scope S_0x1065a60;
T_2 ;
    %set/v v0x1078450_0, 1, 1;
    %end;
    .thread T_2;
    .scope S_0x1065a60;
T_3 ;
    %set/v v0x1078210_0, 0, 1;
    %end;
    .thread T_3;
    .scope S_0x1065a60;
T_4 ;
    %set/v v0x10782c0_0, 1, 1;
    %delay 100, 0;
    %vpi_call 2 9 "$finish";
    %end;
    .thread T_4;
    .scope S_0x1065a60;
T_5 ;
    %delay 5, 0;
    %load/v 8, v0x1078140_0, 1;
    %inv 8, 1;
    %set/v v0x1078140_0, 8, 1;
    %jmp T_5;
    .thread T_5;
    .scope S_0x1065a60;
T_6 ;
    %delay 25, 0;
    %load/v 8, v0x1078450_0, 1;
    %inv 8, 1;
    %set/v v0x1078450_0, 8, 1;
    %jmp T_6;
    .thread T_6;
    .scope S_0x1065a60;
T_7 ;
    %delay 13, 0;
    %load/v 8, v0x1078210_0, 1;
    %inv 8, 1;
    %set/v v0x1078210_0, 8, 1;
    %delay 15, 0;
    %load/v 8, v0x10782c0_0, 1;
    %inv 8, 1;
    %set/v v0x10782c0_0, 8, 1;
    %jmp T_7;
    .thread T_7;
    .scope S_0x1065a60;
T_8 ;
    %vpi_call 2 15 "$monitor", $time, " clk %b reset %b jk %b%b q %b", v0x1078140_0, v0x1078450_0, v0x1078210_0, v0x10782c0_0, v0x1078370_0;
    %end;
    .thread T_8;
    .scope S_0x1065a60;
T_9 ;
    %vpi_call 2 18 "$dumpfile", "abd.dump";
    %vpi_call 2 19 "$dumpvars", 1'sb0, S_0x1065a60;
    %end;
    .thread T_9;
# The file index is used to find the file name in the following table.
:file_names 4;
    "N/A";
    "<interactive>";
    "testasync.v";
    "jkasync.v";
