#! /usr/local/bin/vvp
:ivl_version "0.9.7 " "(v0_9_7)";
:vpi_time_precision + 0;
:vpi_module "system";
:vpi_module "v2005_math";
:vpi_module "va_math";
S_0x2089f30 .scope module, "dfftest" "dfftest" 2 1;
 .timescale 0 0;
v0x209ac10_0 .var "clk", 0 0;
v0x209ace0_0 .var "d", 0 0;
v0x209ad90_0 .net "q", 0 0, v0x209aac0_0; 1 drivers
v0x209ae40_0 .net "qn", 0 0, v0x209ab60_0; 1 drivers
S_0x208a020 .scope module, "d2" "dff" 2 4, 3 1, S_0x2089f30;
 .timescale 0 0;
v0x208a110_0 .net "clk", 0 0, v0x209ac10_0; 1 drivers
v0x209aa20_0 .net "d", 0 0, v0x209ace0_0; 1 drivers
v0x209aac0_0 .var "q", 0 0;
v0x209ab60_0 .var "qn", 0 0;
E_0x2066730 .event posedge, v0x208a110_0;
    .scope S_0x208a020;
T_0 ;
    %wait E_0x2066730;
    %load/v 8, v0x209aa20_0, 1;
    %set/v v0x209aac0_0, 8, 1;
    %load/v 8, v0x209aac0_0, 1;
    %inv 8, 1;
    %set/v v0x209ab60_0, 8, 1;
    %jmp T_0;
    .thread T_0;
    .scope S_0x2089f30;
T_1 ;
    %set/v v0x209ac10_0, 0, 1;
    %end;
    .thread T_1;
    .scope S_0x2089f30;
T_2 ;
    %delay 10, 0;
    %load/v 8, v0x209ac10_0, 1;
    %inv 8, 1;
    %set/v v0x209ac10_0, 8, 1;
    %jmp T_2;
    .thread T_2;
    .scope S_0x2089f30;
T_3 ;
    %delay 15, 0;
    %set/v v0x209ace0_0, 1, 1;
    %delay 30, 0;
    %set/v v0x209ace0_0, 0, 1;
    %delay 18, 0;
    %set/v v0x209ace0_0, 1, 1;
    %delay 20, 0;
    %set/v v0x209ace0_0, 0, 1;
    %delay 10, 0;
    %vpi_call 2 12 "$finish";
    %end;
    .thread T_3;
    .scope S_0x2089f30;
T_4 ;
    %vpi_call 2 15 "$monitor", $time, " clk %b d %b q qn %b %b", v0x209ac10_0, v0x209ace0_0, v0x209ad90_0, v0x209ae40_0;
    %end;
    .thread T_4;
# The file index is used to find the file name in the following table.
:file_names 4;
    "N/A";
    "<interactive>";
    "dfftest.v";
    "dff.v";
