#! /usr/local/bin/vvp
:ivl_version "0.9.7 " "(v0_9_7)";
:vpi_time_precision + 0;
:vpi_module "system";
:vpi_module "v2005_math";
:vpi_module "va_math";
S_0xefcc80 .scope module, "test" "test" 2 1;
 .timescale 0 0;
v0xf0d600_0 .var "clk", 0 0;
v0xf0d6d0_0 .net "qn", 0 0, v0xf0d370_0; 1 drivers
v0xf0d780_0 .var "qp", 0 0;
v0xf0d830_0 .var "reset", 0 0;
v0xf0d910_0 .var "t", 0 0;
S_0xefcd70 .scope module, "t1" "tflip" 2 4, 3 1, S_0xefcc80;
 .timescale 0 0;
v0xed9860_0 .net "clk", 0 0, v0xf0d600_0; 1 drivers
v0xf0d370_0 .var "qn", 0 0;
v0xf0d410_0 .net "qp", 0 0, v0xf0d780_0; 1 drivers
v0xf0d4b0_0 .net "reset", 0 0, v0xf0d830_0; 1 drivers
v0xf0d560_0 .net "t", 0 0, v0xf0d910_0; 1 drivers
E_0xefdb40 .event posedge, v0xed9860_0;
    .scope S_0xefcd70;
T_0 ;
    %wait E_0xefdb40;
    %load/v 8, v0xf0d4b0_0, 1;
    %jmp/0xz  T_0.0, 8;
    %set/v v0xf0d370_0, 0, 1;
    %jmp T_0.1;
T_0.0 ;
    %load/v 8, v0xf0d560_0, 1;
    %load/v 9, v0xf0d410_0, 1;
    %xor 8, 9, 1;
    %set/v v0xf0d370_0, 8, 1;
T_0.1 ;
    %jmp T_0;
    .thread T_0;
    .scope S_0xefcc80;
T_1 ;
    %set/v v0xf0d600_0, 0, 1;
    %end;
    .thread T_1;
    .scope S_0xefcc80;
T_2 ;
    %set/v v0xf0d830_0, 1, 1;
    %end;
    .thread T_2;
    .scope S_0xefcc80;
T_3 ;
    %set/v v0xf0d910_0, 0, 1;
    %end;
    .thread T_3;
    .scope S_0xefcc80;
T_4 ;
    %set/v v0xf0d780_0, 0, 1;
    %delay 100, 0;
    %vpi_call 2 9 "$finish";
    %end;
    .thread T_4;
    .scope S_0xefcc80;
T_5 ;
    %delay 10, 0;
    %load/v 8, v0xf0d600_0, 1;
    %inv 8, 1;
    %set/v v0xf0d600_0, 8, 1;
    %jmp T_5;
    .thread T_5;
    .scope S_0xefcc80;
T_6 ;
    %delay 4, 0;
    %load/v 8, v0xf0d830_0, 1;
    %inv 8, 1;
    %set/v v0xf0d830_0, 8, 1;
    %jmp T_6;
    .thread T_6;
    .scope S_0xefcc80;
T_7 ;
    %delay 50, 0;
    %load/v 8, v0xf0d910_0, 1;
    %inv 8, 1;
    %set/v v0xf0d910_0, 8, 1;
    %jmp T_7;
    .thread T_7;
    .scope S_0xefcc80;
T_8 ;
    %delay 8, 0;
    %load/v 8, v0xf0d780_0, 1;
    %inv 8, 1;
    %set/v v0xf0d780_0, 8, 1;
    %jmp T_8;
    .thread T_8;
    .scope S_0xefcc80;
T_9 ;
    %vpi_call 2 16 "$monitor", $time, " clk %b reset %b t %b qp %b out qn %b", v0xf0d600_0, v0xf0d830_0, v0xf0d910_0, v0xf0d780_0, v0xf0d6d0_0;
    %end;
    .thread T_9;
    .scope S_0xefcc80;
T_10 ;
    %vpi_call 2 19 "$dumpfile", "abc.dump";
    %vpi_call 2 20 "$dumpvars", 1'sb0, S_0xefcc80;
    %end;
    .thread T_10;
# The file index is used to find the file name in the following table.
:file_names 4;
    "N/A";
    "<interactive>";
    "testT.v";
    "tffwithD.v";
