#! /usr/local/bin/vvp
:ivl_version "0.9.7 " "(v0_9_7)";
:vpi_time_precision + 0;
:vpi_module "system";
:vpi_module "v2005_math";
:vpi_module "va_math";
S_0x22ceb60 .scope module, "testff" "testff" 2 1;
 .timescale 0 0;
v0x22e0c40_0 .var "clk", 0 0;
v0x22e0d10_0 .net "q", 0 0, v0x22e09b0_0; 1 drivers
v0x22e0dc0_0 .net "qn", 0 0, v0x22e0a50_0; 1 drivers
v0x22e0e70_0 .var "reset", 0 0;
v0x22e0f50_0 .var "set", 0 0;
S_0x22cec50 .scope module, "s2" "srff" 2 4, 3 1, S_0x22ceb60;
 .timescale 0 0;
v0x22ced40_0 .net "clk", 0 0, v0x22e0c40_0; 1 drivers
v0x22e09b0_0 .var "q", 0 0;
v0x22e0a50_0 .var "qn", 0 0;
v0x22e0af0_0 .net "reset", 0 0, v0x22e0e70_0; 1 drivers
v0x22e0ba0_0 .net "set", 0 0, v0x22e0f50_0; 1 drivers
E_0x22abc60 .event posedge, v0x22ced40_0;
    .scope S_0x22cec50;
T_0 ;
    %wait E_0x22abc60;
    %load/v 8, v0x22e0ba0_0, 1;
    %load/v 9, v0x22e0af0_0, 1;
    %cmp/u 8, 9, 1;
    %inv 4, 1;
    %jmp/0xz  T_0.0, 4;
    %load/v 8, v0x22e0ba0_0, 1;
    %set/v v0x22e09b0_0, 8, 1;
    %load/v 8, v0x22e0af0_0, 1;
    %set/v v0x22e0a50_0, 8, 1;
    %jmp T_0.1;
T_0.0 ;
    %load/v 8, v0x22e0ba0_0, 1;
    %load/v 9, v0x22e0af0_0, 1;
    %and 8, 9, 1;
    %jmp/0xz  T_0.2, 8;
    %set/v v0x22e09b0_0, 0, 1;
    %set/v v0x22e0a50_0, 0, 1;
T_0.2 ;
T_0.1 ;
    %jmp T_0;
    .thread T_0;
    .scope S_0x22ceb60;
T_1 ;
    %set/v v0x22e0c40_0, 0, 1;
    %end;
    .thread T_1;
    .scope S_0x22ceb60;
T_2 ;
    %delay 10, 0;
    %load/v 8, v0x22e0c40_0, 1;
    %inv 8, 1;
    %set/v v0x22e0c40_0, 8, 1;
    %jmp T_2;
    .thread T_2;
    .scope S_0x22ceb60;
T_3 ;
    %delay 10, 0;
    %set/v v0x22e0f50_0, 0, 1;
    %set/v v0x22e0e70_0, 1, 1;
    %delay 20, 0;
    %set/v v0x22e0f50_0, 1, 1;
    %set/v v0x22e0e70_0, 0, 1;
    %delay 20, 0;
    %set/v v0x22e0f50_0, 1, 1;
    %set/v v0x22e0e70_0, 1, 1;
    %delay 10, 0;
    %set/v v0x22e0f50_0, 0, 1;
    %set/v v0x22e0e70_0, 1, 1;
    %delay 10, 0;
    %vpi_call 2 13 "$finish";
    %end;
    .thread T_3;
    .scope S_0x22ceb60;
T_4 ;
    %vpi_call 2 16 "$monitor", $time, " clk %b sr %b%b q qn %b %b", v0x22e0c40_0, v0x22e0f50_0, v0x22e0e70_0, v0x22e0d10_0, v0x22e0dc0_0;
    %end;
    .thread T_4;
# The file index is used to find the file name in the following table.
:file_names 4;
    "N/A";
    "<interactive>";
    "testff.v";
    "srff.v";
